<?xml version="1.0" encoding="UTF-8"?>
<!-- Generated by org.testng.reporters.JUnitXMLReporter -->
<testsuite hostname="suresh-VAIO" name="test" tests="1" failures="1" timestamp="20 Jul 2019 13:59:28 GMT" time="0.055" errors="0">
  <testcase name="logInPage" time="0.022" classname="TestNG.AlwaysRun">
    <failure type="java.lang.NullPointerException">
      <![CDATA[java.lang.NullPointerException
	at TestNG.AlwaysRun.logInPage(AlwaysRun.java:38)
... Removed 24 stack frames]]>
    </failure>
  </testcase> <!-- logInPage -->
</testsuite> <!-- test -->
