<?xml version="1.0" encoding="UTF-8"?>
<!-- Generated by org.testng.reporters.JUnitXMLReporter -->
<testsuite hostname="suresh-VAIO" name="diffrent testing feature test" tests="18" failures="0" timestamp="17 Jul 2019 02:28:35 GMT" time="23.475" errors="0">
  <testcase name="googleTitle" time="0.006" classname="TestNG.BasicsOfTestNG"/>
  <testcase name="searchpage" time="0.001" classname="TestNG.BasicsOfTestNG"/>
  <testcase name="condtionTrue" time="0.047" classname="TestNG.GoogleTitlePage"/>
  <testcase name="infinate" time="0.019" classname="TestNG.ExecptionTimeOutTest"/>
  <testcase name="Expection" time="0.003" classname="TestNG.ExepectedExecption"/>
  <testcase name="test" time="0.002" classname="TestNG.ExepectedExecption"/>
  <testcase name="test2" time="0.001" classname="TestNG.ExepectedExecption"/>
  <testcase name="PageTitle" time="0.01" classname="TestNG.GoogleTitlePage"/>
  <testcase name="clickLink" time="3.198" classname="TestNG.GoogleTitlePage"/>
  <testcase name="sum" time="0.002" classname="TestNG.InvocationCountTest"/>
  <testcase name="sum" time="0.003" classname="TestNG.InvocationCountTest"/>
  <testcase name="sum" time="0.002" classname="TestNG.InvocationCountTest"/>
  <testcase name="sum" time="0.002" classname="TestNG.InvocationCountTest"/>
  <testcase name="sum" time="0.001" classname="TestNG.InvocationCountTest"/>
  <testcase name="logInPage" time="0.001" classname="TestNG.TestNGFeatures"/>
  <testcase name="searchPage" time="0.002" classname="TestNG.TestNGFeatures"/>
  <testcase name="openFolder" time="0.001" classname="TestNG.TestNGFeatures"/>
  <testcase name="logOutPage" time="0.001" classname="TestNG.TestNGFeatures"/>
</testsuite> <!-- diffrent testing feature test -->
