<?xml version="1.0" encoding="UTF-8"?>
<testng-results skipped="0" failed="0" total="2" passed="2">
  <reporter-output>
  </reporter-output>
  <suite name="Default suite" duration-ms="21774" started-at="2019-08-18T17:14:16Z" finished-at="2019-08-18T17:14:38Z">
    <groups>
      <group name="choppara">
        <method signature="Testng.youtubeopen()[pri:2, instance:TestNG.Testng@1fbc7afb]" name="youtubeopen" class="TestNG.Testng"/>
      </group> <!-- choppara -->
      <group name="naresh">
        <method signature="Testng.launchgooglepage()[pri:1, instance:TestNG.Testng@1fbc7afb]" name="launchgooglepage" class="TestNG.Testng"/>
      </group> <!-- naresh -->
    </groups>
    <test name="Default test" duration-ms="21774" started-at="2019-08-18T17:14:16Z" finished-at="2019-08-18T17:14:38Z">
      <class name="TestNG.Testng">
        <test-method status="PASS" signature="launchpage()[pri:0, instance:TestNG.Testng@1fbc7afb]" name="launchpage" is-config="true" duration-ms="8776" started-at="2019-08-18T22:44:16Z" finished-at="2019-08-18T22:44:25Z">
          <reporter-output>
          </reporter-output>
        </test-method> <!-- launchpage -->
        <test-method status="PASS" signature="launchgooglepage()[pri:1, instance:TestNG.Testng@1fbc7afb]" name="launchgooglepage" duration-ms="8755" started-at="2019-08-18T22:44:25Z" finished-at="2019-08-18T22:44:33Z">
          <reporter-output>
          </reporter-output>
        </test-method> <!-- launchgooglepage -->
        <test-method status="PASS" signature="youtubeopen()[pri:2, instance:TestNG.Testng@1fbc7afb]" name="youtubeopen" duration-ms="4224" started-at="2019-08-18T22:44:33Z" finished-at="2019-08-18T22:44:38Z">
          <reporter-output>
          </reporter-output>
        </test-method> <!-- youtubeopen -->
      </class> <!-- TestNG.Testng -->
    </test> <!-- Default test -->
  </suite> <!-- Default suite -->
</testng-results>
